0 info it worked if it ends with ok
1 verbose cli [ 'c:\\Program Files\\nodejs\\node.exe',
1 verbose cli   'c:\\Program Files\\nodejs\\node_modules\\npm\\bin\\npm-cli.js',
1 verbose cli   'install',
1 verbose cli   'grunt-contrib-imagemin' ]
2 info using npm@2.9.1
3 info using node@v0.12.3
4 verbose install initial load of c:\wamp\www\careers_yo\package.json
5 verbose installManyTop reading scoped package data from c:\wamp\www\careers_yo\node_modules\autoprefixer\package.json
6 verbose installManyTop reading scoped package data from c:\wamp\www\careers_yo\node_modules\grunt\package.json
7 verbose installManyTop reading scoped package data from c:\wamp\www\careers_yo\node_modules\grunt-babel\package.json
8 verbose installManyTop reading scoped package data from c:\wamp\www\careers_yo\node_modules\grunt-browser-sync\package.json
9 verbose installManyTop reading scoped package data from c:\wamp\www\careers_yo\node_modules\grunt-concurrent\package.json
10 verbose installManyTop reading scoped package data from c:\wamp\www\careers_yo\node_modules\grunt-contrib-clean\package.json
11 verbose installManyTop reading scoped package data from c:\wamp\www\careers_yo\node_modules\grunt-contrib-concat\package.json
12 verbose installManyTop reading scoped package data from c:\wamp\www\careers_yo\node_modules\grunt-contrib-copy\package.json
13 verbose installManyTop reading scoped package data from c:\wamp\www\careers_yo\node_modules\grunt-contrib-cssmin\package.json
14 verbose installManyTop reading scoped package data from c:\wamp\www\careers_yo\node_modules\grunt-contrib-htmlmin\package.json
15 verbose installManyTop reading scoped package data from c:\wamp\www\careers_yo\node_modules\grunt-contrib-imagemin\package.json
16 verbose installManyTop reading scoped package data from c:\wamp\www\careers_yo\node_modules\grunt-contrib-uglify\package.json
17 verbose installManyTop reading scoped package data from c:\wamp\www\careers_yo\node_modules\grunt-contrib-watch\package.json
18 verbose installManyTop reading scoped package data from c:\wamp\www\careers_yo\node_modules\grunt-eslint\package.json
19 verbose installManyTop reading scoped package data from c:\wamp\www\careers_yo\node_modules\grunt-filerev\package.json
20 verbose installManyTop reading scoped package data from c:\wamp\www\careers_yo\node_modules\grunt-mocha\package.json
21 verbose installManyTop reading scoped package data from c:\wamp\www\careers_yo\node_modules\grunt-modernizr\package.json
22 verbose installManyTop reading scoped package data from c:\wamp\www\careers_yo\node_modules\grunt-newer\package.json
23 verbose installManyTop reading scoped package data from c:\wamp\www\careers_yo\node_modules\grunt-postcss\package.json
24 verbose installManyTop reading scoped package data from c:\wamp\www\careers_yo\node_modules\grunt-sass\package.json
25 verbose installManyTop reading scoped package data from c:\wamp\www\careers_yo\node_modules\grunt-svgmin\package.json
26 verbose installManyTop reading scoped package data from c:\wamp\www\careers_yo\node_modules\grunt-usemin\package.json
27 verbose installManyTop reading scoped package data from c:\wamp\www\careers_yo\node_modules\grunt-wiredep\package.json
28 verbose installManyTop reading scoped package data from c:\wamp\www\careers_yo\node_modules\jit-grunt\package.json
29 verbose installManyTop reading scoped package data from c:\wamp\www\careers_yo\node_modules\time-grunt\package.json
30 verbose readDependencies loading dependencies from c:\wamp\www\careers_yo\package.json
31 verbose install grunt-contrib-imagemin is installed as 0.9.4
32 silly cache add args [ 'grunt-contrib-imagemin', null ]
33 verbose cache add spec grunt-contrib-imagemin
34 silly cache add parsed spec { raw: 'grunt-contrib-imagemin',
34 silly cache add   scope: null,
34 silly cache add   name: 'grunt-contrib-imagemin',
34 silly cache add   rawSpec: '',
34 silly cache add   spec: '*',
34 silly cache add   type: 'range' }
35 silly addNamed grunt-contrib-imagemin@*
36 verbose addNamed "*" is a valid semver range for grunt-contrib-imagemin
37 silly addNameRange { name: 'grunt-contrib-imagemin', range: '*', hasData: false }
38 silly mapToRegistry name grunt-contrib-imagemin
39 silly mapToRegistry using default registry
40 silly mapToRegistry registry https://registry.npmjs.org/
41 silly mapToRegistry uri https://registry.npmjs.org/grunt-contrib-imagemin
42 verbose addNameRange registry:https://registry.npmjs.org/grunt-contrib-imagemin not in flight; fetching
43 verbose request uri https://registry.npmjs.org/grunt-contrib-imagemin
44 verbose request no auth needed
45 info attempt registry request try #1 at 9:17:49 AM
46 verbose request id f74a6d07776aad77
47 http request GET https://registry.npmjs.org/grunt-contrib-imagemin
48 info retry will retry, error on last attempt: Error: certificate not trusted
49 info attempt registry request try #2 at 9:17:59 AM
50 http request GET https://registry.npmjs.org/grunt-contrib-imagemin
51 info retry will retry, error on last attempt: Error: certificate not trusted
52 info attempt registry request try #3 at 9:18:59 AM
53 http request GET https://registry.npmjs.org/grunt-contrib-imagemin
54 verbose stack Error: certificate not trusted
54 verbose stack     at Error (native)
54 verbose stack     at TLSSocket.<anonymous> (_tls_wrap.js:929:36)
54 verbose stack     at TLSSocket.emit (events.js:104:17)
54 verbose stack     at TLSSocket._finishInit (_tls_wrap.js:460:8)
55 verbose cwd c:\wamp\www\careers_yo
56 error Windows_NT 6.1.7601
57 error argv "c:\\Program Files\\nodejs\\node.exe" "c:\\Program Files\\nodejs\\node_modules\\npm\\bin\\npm-cli.js" "install" "grunt-contrib-imagemin"
58 error node v0.12.3
59 error npm  v2.9.1
60 error code CERT_UNTRUSTED
61 error certificate not trusted
62 error If you need help, you may report this error at:
62 error     <https://github.com/npm/npm/issues>
63 verbose exit [ 1, true ]
